c:\users\pc\source\repos\main\bankmangment\x64\debug\vc143.pdb
c:\users\pc\source\repos\main\bankmangment\x64\debug\vc143.idb
c:\users\pc\source\repos\main\bankmangment\x64\debug\whattodo.obj
c:\users\pc\source\repos\main\bankmangment\x64\debug\transactiontests.obj
c:\users\pc\source\repos\main\bankmangment\x64\debug\transaction.obj
c:\users\pc\source\repos\main\bankmangment\x64\debug\checkbalance.obj
c:\users\pc\source\repos\main\bankmangment\x64\debug\startingmenu.obj
c:\users\pc\source\repos\main\bankmangment\x64\debug\menu.obj
c:\users\pc\source\repos\main\bankmangment\x64\debug\main.obj
c:\users\pc\source\repos\main\bankmangment\x64\debug\logout.obj
c:\users\pc\source\repos\main\bankmangment\x64\debug\logintests.obj
c:\users\pc\source\repos\main\bankmangment\x64\debug\login.obj
c:\users\pc\source\repos\main\bankmangment\x64\debug\acounttestst.obj
c:\users\pc\source\repos\main\bankmangment\x64\debug\acount.obj
c:\users\pc\source\repos\main\bankmangment\x64\debug\acountstransfer.obj
c:\users\pc\source\repos\main\x64\debug\bankmangment.exe
c:\users\pc\source\repos\main\x64\debug\bankmangment.pdb
c:\users\pc\source\repos\main\bankmangment\x64\debug\bankmangment.ilk
c:\users\pc\source\repos\main\bankmangment\x64\debug\acount.nativecodeanalysis.xml
c:\users\pc\source\repos\main\bankmangment\x64\debug\acountstransfer.nativecodeanalysis.xml
c:\users\pc\source\repos\main\bankmangment\x64\debug\acounttestst.nativecodeanalysis.xml
c:\users\pc\source\repos\main\bankmangment\x64\debug\checkbalance.nativecodeanalysis.xml
c:\users\pc\source\repos\main\bankmangment\x64\debug\login.nativecodeanalysis.xml
c:\users\pc\source\repos\main\bankmangment\x64\debug\logintests.nativecodeanalysis.xml
c:\users\pc\source\repos\main\bankmangment\x64\debug\logout.nativecodeanalysis.xml
c:\users\pc\source\repos\main\bankmangment\x64\debug\main.nativecodeanalysis.xml
c:\users\pc\source\repos\main\bankmangment\x64\debug\menu.nativecodeanalysis.xml
c:\users\pc\source\repos\main\bankmangment\x64\debug\startingmenu.nativecodeanalysis.xml
c:\users\pc\source\repos\main\bankmangment\x64\debug\transaction.nativecodeanalysis.xml
c:\users\pc\source\repos\main\bankmangment\x64\debug\transactiontests.nativecodeanalysis.xml
c:\users\pc\source\repos\main\bankmangment\x64\debug\vc.nativecodeanalysis.all.xml
c:\users\pc\source\repos\main\bankmangment\x64\debug\whattodo.nativecodeanalysis.xml
c:\users\pc\source\repos\main\bankmangment\x64\debug\bankmangment.tlog\cl.command.1.tlog
c:\users\pc\source\repos\main\bankmangment\x64\debug\bankmangment.tlog\cl.items.tlog
c:\users\pc\source\repos\main\bankmangment\x64\debug\bankmangment.tlog\cl.read.1.tlog
c:\users\pc\source\repos\main\bankmangment\x64\debug\bankmangment.tlog\cl.write.1.tlog
c:\users\pc\source\repos\main\bankmangment\x64\debug\bankmangment.tlog\link.command.1.tlog
c:\users\pc\source\repos\main\bankmangment\x64\debug\bankmangment.tlog\link.read.1.tlog
c:\users\pc\source\repos\main\bankmangment\x64\debug\bankmangment.tlog\link.secondary.1.tlog
c:\users\pc\source\repos\main\bankmangment\x64\debug\bankmangment.tlog\link.write.1.tlog
