  Acount.c
  AcountTestst.c
  AcountsTransfer.c
C:\Users\PC\source\repos\main\BankMangment\Acounts\AcountsTransfer.c(28,21): warning C4267: '=': conversion from 'size_t' to 'int', possible loss of data
C:\Users\PC\source\repos\main\BankMangment\Acounts\AcountsTransfer.c(51,29): warning C4267: '=': conversion from 'size_t' to 'int', possible loss of data
C:\Users\PC\source\repos\main\BankMangment\Acounts\AcountsTransfer.c(130,7): warning C4101: 'usernmae': unreferenced local variable
  Login.c
C:\Users\PC\source\repos\main\BankMangment\login\Login.c(32,2): warning C4013: 'gotoxy' undefined; assuming extern returning int
C:\Users\PC\source\repos\main\BankMangment\login\Login.c(99,18): warning C4101: 'u': unreferenced local variable
  Logintests.c
C:\Users\PC\source\repos\main\BankMangment\login\Logintests.c(37,8): warning C4047: '=': 'FILE *' differs in levels of indirection from 'errno_t'
C:\Users\PC\source\repos\main\BankMangment\login\Logintests.c(103,9): warning C4133: 'function': incompatible types - from 'FILE *' to 'const char *'
C:\Users\PC\source\repos\main\BankMangment\login\Logintests.c(108,2): warning C4013: 'Sleep' undefined; assuming extern returning int
C:\Users\PC\source\repos\main\BankMangment\login\Logintests.c(31,18): warning C4047: 'initializing': 'int' differs in levels of indirection from 'char [5]'
C:\Users\PC\source\repos\main\BankMangment\login\Logintests.c(31,18): warning C4047: 'initializing': 'int' differs in levels of indirection from 'char [2]'
C:\Users\PC\source\repos\main\BankMangment\login\Logintests.c(31,18): warning C4047: 'initializing': 'int' differs in levels of indirection from 'char [3]'
  LogOut.c
C:\Users\PC\source\repos\main\BankMangment\login\LogOut.c(28,2): warning C4013: 'gotoxy' undefined; assuming extern returning int
  main.c
  menu.c
C:\Users\PC\source\repos\main\BankMangment\Menu\menu.c(13,10): warning C4067: unexpected tokens following preprocessor directive - expected a newline
C:\Users\PC\source\repos\main\BankMangment\Menu\menu.c(26,5): warning C4013: 'gotoxy' undefined; assuming extern returning int
C:\Users\PC\source\repos\main\BankMangment\Menu\menu.c(76,25): warning C4474: 'scanf_s' : too many arguments passed for format string
      C:\Users\PC\source\repos\main\BankMangment\Menu\menu.c(76,25):
      placeholders and their parameters expect 1 variadic arguments, but 2 were provided
  
C:\Users\PC\source\repos\main\BankMangment\Menu\menu.c(54,18): warning C4101: 'u': unreferenced local variable
  StartingMenu.c
C:\Users\PC\source\repos\main\BankMangment\Menu\StartingMenu.c(21,2): warning C4013: 'gotoxy' undefined; assuming extern returning int
C:\Users\PC\source\repos\main\BankMangment\Menu\StartingMenu.c(39,25): warning C4474: 'scanf_s' : too many arguments passed for format string
      C:\Users\PC\source\repos\main\BankMangment\Menu\StartingMenu.c(39,25):
      placeholders and their parameters expect 1 variadic arguments, but 2 were provided
  
C:\Users\PC\source\repos\main\BankMangment\Menu\StartingMenu.c(44,3): warning C4013: 'acount' undefined; assuming extern returning int
  checkbalance.c
C:\Users\PC\source\repos\main\BankMangment\MoneyOperations\checkbalance.c(65,2): warning C4013: 'gotoxy' undefined; assuming extern returning int
  transaction.c
C:\Users\PC\source\repos\main\BankMangment\MoneyOperations\transaction.c(12,10): warning C4067: unexpected tokens following preprocessor directive - expected a newline
C:\Users\PC\source\repos\main\BankMangment\MoneyOperations\transaction.c(29,2): warning C4013: 'gotoxy' undefined; assuming extern returning int
C:\Users\PC\source\repos\main\BankMangment\MoneyOperations\transaction.c(37,10): warning C4477: 'scanf_s' : format string '%s' requires an argument of type 'unsigned int', but variadic argument 2 has type 'size_t'
      C:\Users\PC\source\repos\main\BankMangment\MoneyOperations\transaction.c(37,10):
      this argument is used as a buffer size
  
C:\Users\PC\source\repos\main\BankMangment\MoneyOperations\transaction.c(57,41): warning C4474: 'scanf_s' : too many arguments passed for format string
      C:\Users\PC\source\repos\main\BankMangment\MoneyOperations\transaction.c(57,41):
      placeholders and their parameters expect 1 variadic arguments, but 2 were provided
  
C:\Users\PC\source\repos\main\BankMangment\MoneyOperations\transaction.c(101,17): warning C4013: 'time' undefined; assuming extern returning int
C:\Users\PC\source\repos\main\BankMangment\MoneyOperations\transaction.c(100,14): warning C4244: 'initializing': conversion from 'int' to 'float', possible loss of data
C:\Users\PC\source\repos\main\BankMangment\MoneyOperations\transaction.c(22,6): warning C4101: 'index': unreferenced local variable
  TransactionTests.c
  WhatToDo.c
  Running Code Analysis for C/C++...
  Generating Code...
C:\Users\PC\source\repos\main\BankMangment\Menu\StartingMenu.c(58,1): warning C4715: 'starter_menu': not all control paths return a value
  BankMangment.vcxproj -> C:\Users\PC\source\repos\main\x64\Debug\BankMangment.exe
C:\Users\PC\source\repos\main\BankMangment\Acounts\Acount.c(43): warning C6031: Return value ignored: 'getchar'.
C:\Users\PC\source\repos\main\BankMangment\Acounts\Acount.c(119): warning C6031: Return value ignored: 'getchar'.
C:\Users\PC\source\repos\main\BankMangment\login\Login.c(76): warning C6054: String 'username' might not be zero-terminated.
C:\Users\PC\source\repos\main\BankMangment\login\Login.c(109): warning C6031: Return value ignored: 'getchar'.
C:\Users\PC\source\repos\main\BankMangment\login\Logintests.c(104): warning C6031: Return value ignored: 'rename'.
C:\Users\PC\source\repos\main\BankMangment\login\LogOut.c(34): warning C6031: Return value ignored: 'getchar'.
C:\Users\PC\source\repos\main\BankMangment\Menu\menu.c(76): warning C6271: Extra argument passed to 'scanf_s'.
C:\Users\PC\source\repos\main\BankMangment\Menu\StartingMenu.c(39): warning C6271: Extra argument passed to 'scanf_s'.
C:\Users\PC\source\repos\main\BankMangment\Menu\StartingMenu.c(46): warning C6031: Return value ignored: 'getchar'.
C:\Users\PC\source\repos\main\BankMangment\Menu\StartingMenu.c(50): warning C6031: Return value ignored: 'getchar'.
C:\Users\PC\source\repos\main\BankMangment\Menu\StartingMenu.c(55): warning C6031: Return value ignored: 'getchar'.
C:\Users\PC\source\repos\main\BankMangment\MoneyOperations\checkbalance.c(60): warning C6031: Return value ignored: 'getchar'.
C:\Users\PC\source\repos\main\BankMangment\MoneyOperations\checkbalance.c(110): warning C6031: Return value ignored: 'getchar'.
C:\Users\PC\source\repos\main\BankMangment\MoneyOperations\checkbalance.c(111): warning C6031: Return value ignored: 'getchar'.
C:\Users\PC\source\repos\main\BankMangment\MoneyOperations\transaction.c(37): warning C6328: Size mismatch: 'unsigned __int64' passed as _Param_(3) when 'unsigned int' is required in call to 'scanf_s'. 
C:\Users\PC\source\repos\main\BankMangment\MoneyOperations\transaction.c(57): warning C6271: Extra argument passed to 'scanf_s'.
C:\Users\PC\source\repos\main\BankMangment\MoneyOperations\transaction.c(59): warning C6031: Return value ignored: 'getchar'.
C:\Users\PC\source\repos\main\BankMangment\MoneyOperations\transaction.c(85): warning C6031: Return value ignored: 'getchar'.
C:\Users\PC\source\repos\main\BankMangment\MoneyOperations\transaction.c(140): warning C6031: Return value ignored: 'getchar'.
C:\Users\PC\source\repos\main\BankMangment\MoneyOperations\transaction.c(70): warning C6054: String 'his_username' might not be zero-terminated.
C:\Users\PC\source\repos\main\BankMangment\MoneyOperations\TransactionTests.c(44): warning C6031: Return value ignored: 'strcmp'.
C:\Users\PC\source\repos\main\BankMangment\MoneyOperations\TransactionTests.c(45): warning C6031: Return value ignored: 'strcmp'.
C:\Users\PC\source\repos\main\BankMangment\MoneyOperations\TransactionTests.c(65): warning C6031: Return value ignored: 'strcmp'.
